<?xml version="1.0" encoding="UTF-8"?>
<testsuite name="edu.duke.adh39.battleship.CoordinateTest" tests="5" skipped="0" failures="0" errors="0" timestamp="2022-02-05T10:33:52" hostname="LAPTOP-USJPC1OA" time="0.016">
  <properties/>
  <testcase name="test_row_and_column()" classname="edu.duke.adh39.battleship.CoordinateTest" time="0.001"/>
  <testcase name="test_string_constructor_valid_cases()" classname="edu.duke.adh39.battleship.CoordinateTest" time="0.001"/>
  <testcase name="test_hashCode()" classname="edu.duke.adh39.battleship.CoordinateTest" time="0.002"/>
  <testcase name="test_string_constructor_error_cases()" classname="edu.duke.adh39.battleship.CoordinateTest" time="0.008"/>
  <testcase name="test_equals()" classname="edu.duke.adh39.battleship.CoordinateTest" time="0.001"/>
  <system-out><![CDATA[]]></system-out>
  <system-err><![CDATA[]]></system-err>
</testsuite>
