<?xml version="1.0" encoding="UTF-8"?>
<testsuite name="edu.duke.adh39.battleship.BattleShipBoardTest" tests="4" skipped="0" failures="0" errors="0" timestamp="2022-02-05T10:33:52" hostname="LAPTOP-USJPC1OA" time="0.053">
  <properties/>
  <testcase name="test_try_add_ship()" classname="edu.duke.adh39.battleship.BattleShipBoardTest" time="0.011"/>
  <testcase name="test_width_and_height()" classname="edu.duke.adh39.battleship.BattleShipBoardTest" time="0.001"/>
  <testcase name="test_ship_placement()" classname="edu.duke.adh39.battleship.BattleShipBoardTest" time="0.032"/>
  <testcase name="test_invalid_dimensions()" classname="edu.duke.adh39.battleship.BattleShipBoardTest" time="0.006"/>
  <system-out><![CDATA[]]></system-out>
  <system-err><![CDATA[]]></system-err>
</testsuite>
