<?xml version="1.0" encoding="UTF-8"?>
<testsuite name="edu.duke.adh39.battleship.InBoundsRuleCheckerTest" tests="1" skipped="0" failures="0" errors="0" timestamp="2022-02-05T10:33:52" hostname="LAPTOP-USJPC1OA" time="0.001">
  <properties/>
  <testcase name="test_in_bounds_rule()" classname="edu.duke.adh39.battleship.InBoundsRuleCheckerTest" time="0.001"/>
  <system-out><![CDATA[]]></system-out>
  <system-err><![CDATA[]]></system-err>
</testsuite>
