<?xml version="1.0" encoding="UTF-8"?>
<testsuite name="edu.duke.adh39.battleship.BoardTextViewTest" tests="5" skipped="0" failures="0" errors="0" timestamp="2022-02-05T10:33:52" hostname="LAPTOP-USJPC1OA" time="0.032">
  <properties/>
  <testcase name="test_invalid_board_size()" classname="edu.duke.adh39.battleship.BoardTextViewTest" time="0.009"/>
  <testcase name="test_display_ships_3by4()" classname="edu.duke.adh39.battleship.BoardTextViewTest" time="0.011"/>
  <testcase name="test_display_empty_2by2()" classname="edu.duke.adh39.battleship.BoardTextViewTest" time="0.007"/>
  <testcase name="test_display_empty_3by2()" classname="edu.duke.adh39.battleship.BoardTextViewTest" time="0.001"/>
  <testcase name="test_display_empty_3by5()" classname="edu.duke.adh39.battleship.BoardTextViewTest" time="0.001"/>
  <system-out><![CDATA[]]></system-out>
  <system-err><![CDATA[]]></system-err>
</testsuite>
