<?xml version="1.0" encoding="UTF-8"?>
<testsuite name="edu.duke.adh39.battleship.BasicShipTest" tests="2" skipped="0" failures="0" errors="0" timestamp="2022-02-05T10:33:51" hostname="LAPTOP-USJPC1OA" time="0.087">
  <properties/>
  <testcase name="test_ship_name()" classname="edu.duke.adh39.battleship.BasicShipTest" time="0.08"/>
  <testcase name="test_hit_ship()" classname="edu.duke.adh39.battleship.BasicShipTest" time="0.006"/>
  <system-out><![CDATA[]]></system-out>
  <system-err><![CDATA[]]></system-err>
</testsuite>
